android/app/build/intermediates/manifest_merge_blame_file/debug/manifest-merger-blame-debug-report.txt
1<?xml version="1.0" encoding="utf-8"?>
2<manifest xmlns:android="http://schemas.android.com/apk/res/android"
3    package="com.middletownchiro"
4    android:versionCode="1"
5    android:versionName="1.0" >
6
7    <uses-sdk
8        android:minSdkVersion="21"
9        android:targetSdkVersion="33" />
10
11    <uses-permission android:name="android.permission.SYSTEM_ALERT_WINDOW" />
11-->src\debug\AndroidManifest.xml:5:5-77
11-->src\debug\AndroidManifest.xml:5:22-75
12    <uses-permission android:name="android.permission.INTERNET" />
12-->src\main\AndroidManifest.xml:4:5-67
12-->src\main\AndroidManifest.xml:4:22-64
13    <uses-permission android:name="android.permission.ACCESS_COARSE_LOCATION" />
13-->src\main\AndroidManifest.xml:5:5-81
13-->src\main\AndroidManifest.xml:5:22-78
14    <uses-permission android:name="android.permission.ACCESS_FINE_LOCATION" />
14-->src\main\AndroidManifest.xml:6:5-79
14-->src\main\AndroidManifest.xml:6:22-76
15    <uses-permission android:name="android.permission.READ_EXTERNAL_STORAGE" />
15-->src\main\AndroidManifest.xml:7:5-80
15-->src\main\AndroidManifest.xml:7:22-77
16    <uses-permission android:name="android.permission.WRITE_EXTERNAL_STORAGE" />
16-->src\main\AndroidManifest.xml:8:5-81
16-->src\main\AndroidManifest.xml:8:22-78
17    <uses-permission android:name="android.permission.CAMERA" />
17-->src\main\AndroidManifest.xml:9:5-65
17-->src\main\AndroidManifest.xml:9:22-62
18    <uses-permission android:name="android.permission.ACCESS_WIFI_STATE" />
18-->[com.facebook.flipper:flipper:0.125.0] AndroidManifest.xml:16:5-76
18-->[com.facebook.flipper:flipper:0.125.0] AndroidManifest.xml:16:22-73
19    <uses-permission android:name="android.permission.ACCESS_NETWORK_STATE" /> <!-- Required for react-native-email-link on Android 30+ -->
19-->[:react-native-community_netinfo] AndroidManifest.xml:9:5-79
19-->[:react-native-community_netinfo] AndroidManifest.xml:9:22-76
20    <queries>
20-->[:react-native-email-link] AndroidManifest.xml:9:5-15:15
21        <intent>
21-->[:react-native-email-link] AndroidManifest.xml:10:9-14:18
22            <action android:name="android.intent.action.VIEW" />
22-->[:react-native-email-link] AndroidManifest.xml:11:13-65
22-->[:react-native-email-link] AndroidManifest.xml:11:21-62
23
24            <data android:scheme="mailto" />
24-->[:react-native-email-link] AndroidManifest.xml:13:13-45
24-->[:react-native-email-link] AndroidManifest.xml:13:19-42
25        </intent>
26        <intent>
26-->[:react-native-image-crop-picker] AndroidManifest.xml:10:9-12:18
27            <action android:name="android.media.action.IMAGE_CAPTURE" />
27-->[:react-native-image-crop-picker] AndroidManifest.xml:11:13-73
27-->[:react-native-image-crop-picker] AndroidManifest.xml:11:21-70
28        </intent>
29    </queries>
30
31    <uses-permission android:name="android.permission.USE_BIOMETRIC" />
31-->[:react-native-sensitive-info] AndroidManifest.xml:9:5-72
31-->[:react-native-sensitive-info] AndroidManifest.xml:9:22-69
32    <uses-permission android:name="android.permission.USE_FINGERPRINT" />
32-->[:react-native-sensitive-info] AndroidManifest.xml:10:5-74
32-->[:react-native-sensitive-info] AndroidManifest.xml:10:22-71
33    <uses-permission android:name="android.permission.WAKE_LOCK" />
33-->[androidx.work:work-runtime:2.8.0] AndroidManifest.xml:23:5-68
33-->[androidx.work:work-runtime:2.8.0] AndroidManifest.xml:23:22-65
34    <uses-permission android:name="android.permission.RECEIVE_BOOT_COMPLETED" />
34-->[androidx.work:work-runtime:2.8.0] AndroidManifest.xml:25:5-81
34-->[androidx.work:work-runtime:2.8.0] AndroidManifest.xml:25:22-78
35    <uses-permission android:name="android.permission.FOREGROUND_SERVICE" /> <!-- Required by older versions of Google Play services to create IID tokens -->
35-->[androidx.work:work-runtime:2.8.0] AndroidManifest.xml:26:5-77
35-->[androidx.work:work-runtime:2.8.0] AndroidManifest.xml:26:22-74
36    <uses-permission android:name="com.google.android.c2dm.permission.RECEIVE" />
36-->[com.google.android.gms:play-services-iid:17.0.0] AndroidManifest.xml:23:5-82
36-->[com.google.android.gms:play-services-iid:17.0.0] AndroidManifest.xml:23:22-79
37    <uses-permission android:name="android.permission.POST_NOTIFICATIONS" />
37-->[app.notifee:core:202108261754] AndroidManifest.xml:9:5-77
37-->[app.notifee:core:202108261754] AndroidManifest.xml:9:22-74
38    <uses-permission android:name="android.permission.VIBRATE" />
38-->[app.notifee:core:202108261754] AndroidManifest.xml:13:5-66
38-->[app.notifee:core:202108261754] AndroidManifest.xml:13:22-63
39    <uses-permission android:name="android.permission.USE_FULL_SCREEN_INTENT" />
39-->[app.notifee:core:202108261754] AndroidManifest.xml:16:5-81
39-->[app.notifee:core:202108261754] AndroidManifest.xml:16:22-78
40    <uses-permission android:name="android.permission.SCHEDULE_EXACT_ALARM" />
40-->[app.notifee:core:202108261754] AndroidManifest.xml:17:5-79
40-->[app.notifee:core:202108261754] AndroidManifest.xml:17:22-76
41    <uses-permission
41-->[app.notifee:core:202108261754] AndroidManifest.xml:18:5-20:38
42        android:name="android.permission.BROADCAST_CLOSE_SYSTEM_DIALOGS"
42-->[app.notifee:core:202108261754] AndroidManifest.xml:19:9-73
43        android:maxSdkVersion="30" /> <!-- For Xiaomi devices to enable heads-up notifications as default (https://github.com/invertase/notifee/issues/296) -->
43-->[app.notifee:core:202108261754] AndroidManifest.xml:20:9-35
44    <uses-permission
44-->[app.notifee:core:202108261754] AndroidManifest.xml:22:5-24:38
45        android:name="android.permission.ACCESS_NOTIFICATION_POLICY"
45-->[app.notifee:core:202108261754] AndroidManifest.xml:23:9-69
46        android:minSdkVersion="23" />
46-->[app.notifee:core:202108261754] AndroidManifest.xml:24:9-35
47    <uses-permission android:name="com.google.android.finsky.permission.BIND_GET_INSTALL_REFERRER_SERVICE" />
47-->[com.android.installreferrer:installreferrer:1.1.2] AndroidManifest.xml:9:5-110
47-->[com.android.installreferrer:installreferrer:1.1.2] AndroidManifest.xml:9:22-107
48
49    <application
49-->src\main\AndroidManifest.xml:11:5-33:19
50        android:name="com.middletownchiro.MainApplication"
50-->src\main\AndroidManifest.xml:12:7-38
51        android:allowBackup="false"
51-->src\main\AndroidManifest.xml:18:7-34
52        android:appComponentFactory="androidx.core.app.CoreComponentFactory"
52-->[androidx.core:core:1.8.0] AndroidManifest.xml:24:18-86
53        android:debuggable="true"
54        android:icon="@mipmap/ic_launcher"
54-->src\main\AndroidManifest.xml:14:7-41
55        android:label="@string/app_name"
55-->src\main\AndroidManifest.xml:13:7-39
56        android:requestLegacyExternalStorage="true"
56-->src\main\AndroidManifest.xml:16:7-50
57        android:roundIcon="@mipmap/ic_launcher_round"
57-->src\main\AndroidManifest.xml:17:7-52
58        android:theme="@style/AppTheme"
58-->src\main\AndroidManifest.xml:19:7-38
59        android:usesCleartextTraffic="true" >
59-->src\main\AndroidManifest.xml:15:7-42
60        <activity
60-->src\debug\AndroidManifest.xml:11:9-111
61            android:name="com.facebook.react.devsupport.DevSettingsActivity"
61-->src\debug\AndroidManifest.xml:11:19-83
62            android:exported="false" />
62-->src\debug\AndroidManifest.xml:11:84-108
63        <activity
63-->src\main\AndroidManifest.xml:20:7-32:18
64            android:name="com.middletownchiro.MainActivity"
64-->src\main\AndroidManifest.xml:21:9-37
65            android:configChanges="keyboard|keyboardHidden|orientation|screenLayout|screenSize|smallestScreenSize|uiMode"
65-->src\main\AndroidManifest.xml:23:9-118
66            android:exported="true"
66-->src\main\AndroidManifest.xml:27:9-32
67            android:label="@string/app_name"
67-->src\main\AndroidManifest.xml:22:9-41
68            android:launchMode="singleTask"
68-->src\main\AndroidManifest.xml:24:9-40
69            android:screenOrientation="portrait"
69-->src\main\AndroidManifest.xml:26:9-45
70            android:windowSoftInputMode="adjustResize" >
70-->src\main\AndroidManifest.xml:25:9-51
71            <intent-filter>
71-->src\main\AndroidManifest.xml:28:9-31:25
72                <action android:name="android.intent.action.MAIN" />
72-->src\main\AndroidManifest.xml:29:13-65
72-->src\main\AndroidManifest.xml:29:21-62
73
74                <category android:name="android.intent.category.LAUNCHER" />
74-->src\main\AndroidManifest.xml:30:13-73
74-->src\main\AndroidManifest.xml:30:23-70
75            </intent-filter>
76        </activity>
77
78        <provider
78-->[:notifee_react-native] AndroidManifest.xml:10:9-14:40
79            android:name="io.invertase.notifee.NotifeeInitProvider"
79-->[:notifee_react-native] AndroidManifest.xml:11:13-68
80            android:authorities="com.middletownchiro.notifee-init-provider"
80-->[:notifee_react-native] AndroidManifest.xml:12:13-73
81            android:exported="false"
81-->[:notifee_react-native] AndroidManifest.xml:13:13-37
82            android:initOrder="-100" />
82-->[:notifee_react-native] AndroidManifest.xml:14:13-37
83        <provider
83-->[:react-native-image-crop-picker] AndroidManifest.xml:18:9-26:20
84            android:name="com.reactnative.ivpusic.imagepicker.IvpusicImagePickerFileProvider"
84-->[:react-native-image-crop-picker] AndroidManifest.xml:19:13-94
85            android:authorities="com.middletownchiro.provider"
85-->[:react-native-image-crop-picker] AndroidManifest.xml:20:13-60
86            android:exported="false"
86-->[:react-native-image-crop-picker] AndroidManifest.xml:21:13-37
87            android:grantUriPermissions="true" >
87-->[:react-native-image-crop-picker] AndroidManifest.xml:22:13-47
88            <meta-data
88-->[:react-native-image-crop-picker] AndroidManifest.xml:23:13-25:78
89                android:name="android.support.FILE_PROVIDER_PATHS"
89-->[:react-native-image-crop-picker] AndroidManifest.xml:24:17-67
90                android:resource="@xml/ivpusic_imagepicker_provider_paths" />
90-->[:react-native-image-crop-picker] AndroidManifest.xml:25:17-75
91        </provider>
92
93        <activity
93-->[:react-native-image-crop-picker] AndroidManifest.xml:28:9-30:72
94            android:name="com.yalantis.ucrop.UCropActivity"
94-->[:react-native-image-crop-picker] AndroidManifest.xml:29:13-60
95            android:theme="@style/Theme.AppCompat.Light.NoActionBar" />
95-->[:react-native-image-crop-picker] AndroidManifest.xml:30:13-69
96
97        <provider
97-->[:react-native-image-picker] AndroidManifest.xml:10:9-18:20
98            android:name="com.imagepicker.ImagePickerProvider"
98-->[:react-native-image-picker] AndroidManifest.xml:11:13-63
99            android:authorities="com.middletownchiro.imagepickerprovider"
99-->[:react-native-image-picker] AndroidManifest.xml:12:13-71
100            android:exported="false"
100-->[:react-native-image-picker] AndroidManifest.xml:13:13-37
101            android:grantUriPermissions="true" >
101-->[:react-native-image-picker] AndroidManifest.xml:14:13-47
102            <meta-data
102-->[:react-native-image-crop-picker] AndroidManifest.xml:23:13-25:78
103                android:name="android.support.FILE_PROVIDER_PATHS"
103-->[:react-native-image-crop-picker] AndroidManifest.xml:24:17-67
104                android:resource="@xml/imagepicker_provider_paths" />
104-->[:react-native-image-crop-picker] AndroidManifest.xml:25:17-75
105        </provider>
106        <provider
106-->[:react-native-webview] AndroidManifest.xml:10:9-18:20
107            android:name="com.reactnativecommunity.webview.RNCWebViewFileProvider"
107-->[:react-native-webview] AndroidManifest.xml:11:13-83
108            android:authorities="com.middletownchiro.fileprovider"
108-->[:react-native-webview] AndroidManifest.xml:12:13-64
109            android:exported="false"
109-->[:react-native-webview] AndroidManifest.xml:13:13-37
110            android:grantUriPermissions="true" >
110-->[:react-native-webview] AndroidManifest.xml:14:13-47
111            <meta-data
111-->[:react-native-image-crop-picker] AndroidManifest.xml:23:13-25:78
112                android:name="android.support.FILE_PROVIDER_PATHS"
112-->[:react-native-image-crop-picker] AndroidManifest.xml:24:17-67
113                android:resource="@xml/file_provider_paths" />
113-->[:react-native-image-crop-picker] AndroidManifest.xml:25:17-75
114        </provider>
115
116        <activity
116-->[androidx.biometric:biometric:1.0.1] AndroidManifest.xml:28:9-31:67
117            android:name="androidx.biometric.DeviceCredentialHandlerActivity"
117-->[androidx.biometric:biometric:1.0.1] AndroidManifest.xml:29:13-78
118            android:exported="true"
118-->[androidx.biometric:biometric:1.0.1] AndroidManifest.xml:30:13-36
119            android:theme="@style/DeviceCredentialHandlerTheme" />
119-->[androidx.biometric:biometric:1.0.1] AndroidManifest.xml:31:13-64
120
121        <provider
121-->[androidx.work:work-runtime:2.8.0] AndroidManifest.xml:29:9-37:20
122            android:name="androidx.startup.InitializationProvider"
122-->[androidx.work:work-runtime:2.8.0] AndroidManifest.xml:30:13-67
123            android:authorities="com.middletownchiro.androidx-startup"
123-->[androidx.work:work-runtime:2.8.0] AndroidManifest.xml:31:13-68
124            android:exported="false" >
124-->[androidx.work:work-runtime:2.8.0] AndroidManifest.xml:32:13-37
125            <meta-data
125-->[androidx.work:work-runtime:2.8.0] AndroidManifest.xml:34:13-36:52
126                android:name="androidx.work.WorkManagerInitializer"
126-->[androidx.work:work-runtime:2.8.0] AndroidManifest.xml:35:17-68
127                android:value="androidx.startup" />
127-->[androidx.work:work-runtime:2.8.0] AndroidManifest.xml:36:17-49
128            <meta-data
128-->[androidx.emoji2:emoji2:1.2.0] AndroidManifest.xml:29:13-31:52
129                android:name="androidx.emoji2.text.EmojiCompatInitializer"
129-->[androidx.emoji2:emoji2:1.2.0] AndroidManifest.xml:30:17-75
130                android:value="androidx.startup" />
130-->[androidx.emoji2:emoji2:1.2.0] AndroidManifest.xml:31:17-49
131            <meta-data
131-->[androidx.lifecycle:lifecycle-process:2.4.1] AndroidManifest.xml:31:13-33:52
132                android:name="androidx.lifecycle.ProcessLifecycleInitializer"
132-->[androidx.lifecycle:lifecycle-process:2.4.1] AndroidManifest.xml:32:17-78
133                android:value="androidx.startup" />
133-->[androidx.lifecycle:lifecycle-process:2.4.1] AndroidManifest.xml:33:17-49
134        </provider>
135
136        <service
136-->[androidx.work:work-runtime:2.8.0] AndroidManifest.xml:39:9-45:35
137            android:name="androidx.work.impl.background.systemalarm.SystemAlarmService"
137-->[androidx.work:work-runtime:2.8.0] AndroidManifest.xml:40:13-88
138            android:directBootAware="false"
138-->[androidx.work:work-runtime:2.8.0] AndroidManifest.xml:41:13-44
139            android:enabled="@bool/enable_system_alarm_service_default"
139-->[androidx.work:work-runtime:2.8.0] AndroidManifest.xml:42:13-72
140            android:exported="false" />
140-->[androidx.work:work-runtime:2.8.0] AndroidManifest.xml:43:13-37
141        <service
141-->[androidx.work:work-runtime:2.8.0] AndroidManifest.xml:46:9-52:35
142            android:name="androidx.work.impl.background.systemjob.SystemJobService"
142-->[androidx.work:work-runtime:2.8.0] AndroidManifest.xml:47:13-84
143            android:directBootAware="false"
143-->[androidx.work:work-runtime:2.8.0] AndroidManifest.xml:48:13-44
144            android:enabled="@bool/enable_system_job_service_default"
144-->[androidx.work:work-runtime:2.8.0] AndroidManifest.xml:49:13-70
145            android:exported="true"
145-->[androidx.work:work-runtime:2.8.0] AndroidManifest.xml:50:13-36
146            android:permission="android.permission.BIND_JOB_SERVICE" />
146-->[androidx.work:work-runtime:2.8.0] AndroidManifest.xml:51:13-69
147        <service
147-->[androidx.work:work-runtime:2.8.0] AndroidManifest.xml:53:9-59:35
148            android:name="androidx.work.impl.foreground.SystemForegroundService"
148-->[androidx.work:work-runtime:2.8.0] AndroidManifest.xml:54:13-81
149            android:directBootAware="false"
149-->[androidx.work:work-runtime:2.8.0] AndroidManifest.xml:55:13-44
150            android:enabled="@bool/enable_system_foreground_service_default"
150-->[androidx.work:work-runtime:2.8.0] AndroidManifest.xml:56:13-77
151            android:exported="false" />
151-->[androidx.work:work-runtime:2.8.0] AndroidManifest.xml:57:13-37
152
153        <receiver
153-->[androidx.work:work-runtime:2.8.0] AndroidManifest.xml:61:9-66:35
154            android:name="androidx.work.impl.utils.ForceStopRunnable$BroadcastReceiver"
154-->[androidx.work:work-runtime:2.8.0] AndroidManifest.xml:62:13-88
155            android:directBootAware="false"
155-->[androidx.work:work-runtime:2.8.0] AndroidManifest.xml:63:13-44
156            android:enabled="true"
156-->[androidx.work:work-runtime:2.8.0] AndroidManifest.xml:64:13-35
157            android:exported="false" />
157-->[androidx.work:work-runtime:2.8.0] AndroidManifest.xml:65:13-37
158        <receiver
158-->[androidx.work:work-runtime:2.8.0] AndroidManifest.xml:67:9-77:20
159            android:name="androidx.work.impl.background.systemalarm.ConstraintProxy$BatteryChargingProxy"
159-->[androidx.work:work-runtime:2.8.0] AndroidManifest.xml:68:13-106
160            android:directBootAware="false"
160-->[androidx.work:work-runtime:2.8.0] AndroidManifest.xml:69:13-44
161            android:enabled="false"
161-->[androidx.work:work-runtime:2.8.0] AndroidManifest.xml:70:13-36
162            android:exported="false" >
162-->[androidx.work:work-runtime:2.8.0] AndroidManifest.xml:71:13-37
163            <intent-filter>
163-->[androidx.work:work-runtime:2.8.0] AndroidManifest.xml:73:13-76:29
164                <action android:name="android.intent.action.ACTION_POWER_CONNECTED" />
164-->[androidx.work:work-runtime:2.8.0] AndroidManifest.xml:74:17-87
164-->[androidx.work:work-runtime:2.8.0] AndroidManifest.xml:74:25-84
165                <action android:name="android.intent.action.ACTION_POWER_DISCONNECTED" />
165-->[androidx.work:work-runtime:2.8.0] AndroidManifest.xml:75:17-90
165-->[androidx.work:work-runtime:2.8.0] AndroidManifest.xml:75:25-87
166            </intent-filter>
167        </receiver>
168        <receiver
168-->[androidx.work:work-runtime:2.8.0] AndroidManifest.xml:78:9-88:20
169            android:name="androidx.work.impl.background.systemalarm.ConstraintProxy$BatteryNotLowProxy"
169-->[androidx.work:work-runtime:2.8.0] AndroidManifest.xml:79:13-104
170            android:directBootAware="false"
170-->[androidx.work:work-runtime:2.8.0] AndroidManifest.xml:80:13-44
171            android:enabled="false"
171-->[androidx.work:work-runtime:2.8.0] AndroidManifest.xml:81:13-36
172            android:exported="false" >
172-->[androidx.work:work-runtime:2.8.0] AndroidManifest.xml:82:13-37
173            <intent-filter>
173-->[androidx.work:work-runtime:2.8.0] AndroidManifest.xml:84:13-87:29
174                <action android:name="android.intent.action.BATTERY_OKAY" />
174-->[androidx.work:work-runtime:2.8.0] AndroidManifest.xml:85:17-77
174-->[androidx.work:work-runtime:2.8.0] AndroidManifest.xml:85:25-74
175                <action android:name="android.intent.action.BATTERY_LOW" />
175-->[androidx.work:work-runtime:2.8.0] AndroidManifest.xml:86:17-76
175-->[androidx.work:work-runtime:2.8.0] AndroidManifest.xml:86:25-73
176            </intent-filter>
177        </receiver>
178        <receiver
178-->[androidx.work:work-runtime:2.8.0] AndroidManifest.xml:89:9-99:20
179            android:name="androidx.work.impl.background.systemalarm.ConstraintProxy$StorageNotLowProxy"
179-->[androidx.work:work-runtime:2.8.0] AndroidManifest.xml:90:13-104
180            android:directBootAware="false"
180-->[androidx.work:work-runtime:2.8.0] AndroidManifest.xml:91:13-44
181            android:enabled="false"
181-->[androidx.work:work-runtime:2.8.0] AndroidManifest.xml:92:13-36
182            android:exported="false" >
182-->[androidx.work:work-runtime:2.8.0] AndroidManifest.xml:93:13-37
183            <intent-filter>
183-->[androidx.work:work-runtime:2.8.0] AndroidManifest.xml:95:13-98:29
184                <action android:name="android.intent.action.DEVICE_STORAGE_LOW" />
184-->[androidx.work:work-runtime:2.8.0] AndroidManifest.xml:96:17-83
184-->[androidx.work:work-runtime:2.8.0] AndroidManifest.xml:96:25-80
185                <action android:name="android.intent.action.DEVICE_STORAGE_OK" />
185-->[androidx.work:work-runtime:2.8.0] AndroidManifest.xml:97:17-82
185-->[androidx.work:work-runtime:2.8.0] AndroidManifest.xml:97:25-79
186            </intent-filter>
187        </receiver>
188        <receiver
188-->[androidx.work:work-runtime:2.8.0] AndroidManifest.xml:100:9-109:20
189            android:name="androidx.work.impl.background.systemalarm.ConstraintProxy$NetworkStateProxy"
189-->[androidx.work:work-runtime:2.8.0] AndroidManifest.xml:101:13-103
190            android:directBootAware="false"
190-->[androidx.work:work-runtime:2.8.0] AndroidManifest.xml:102:13-44
191            android:enabled="false"
191-->[androidx.work:work-runtime:2.8.0] AndroidManifest.xml:103:13-36
192            android:exported="false" >
192-->[androidx.work:work-runtime:2.8.0] AndroidManifest.xml:104:13-37
193            <intent-filter>
193-->[androidx.work:work-runtime:2.8.0] AndroidManifest.xml:106:13-108:29
194                <action android:name="android.net.conn.CONNECTIVITY_CHANGE" />
194-->[androidx.work:work-runtime:2.8.0] AndroidManifest.xml:107:17-79
194-->[androidx.work:work-runtime:2.8.0] AndroidManifest.xml:107:25-76
195            </intent-filter>
196        </receiver>
197        <receiver
197-->[androidx.work:work-runtime:2.8.0] AndroidManifest.xml:110:9-121:20
198            android:name="androidx.work.impl.background.systemalarm.RescheduleReceiver"
198-->[androidx.work:work-runtime:2.8.0] AndroidManifest.xml:111:13-88
199            android:directBootAware="false"
199-->[androidx.work:work-runtime:2.8.0] AndroidManifest.xml:112:13-44
200            android:enabled="false"
200-->[androidx.work:work-runtime:2.8.0] AndroidManifest.xml:113:13-36
201            android:exported="false" >
201-->[androidx.work:work-runtime:2.8.0] AndroidManifest.xml:114:13-37
202            <intent-filter>
202-->[androidx.work:work-runtime:2.8.0] AndroidManifest.xml:116:13-120:29
203                <action android:name="android.intent.action.BOOT_COMPLETED" />
203-->[androidx.work:work-runtime:2.8.0] AndroidManifest.xml:117:17-79
203-->[androidx.work:work-runtime:2.8.0] AndroidManifest.xml:117:25-76
204                <action android:name="android.intent.action.TIME_SET" />
204-->[androidx.work:work-runtime:2.8.0] AndroidManifest.xml:118:17-73
204-->[androidx.work:work-runtime:2.8.0] AndroidManifest.xml:118:25-70
205                <action android:name="android.intent.action.TIMEZONE_CHANGED" />
205-->[androidx.work:work-runtime:2.8.0] AndroidManifest.xml:119:17-81
205-->[androidx.work:work-runtime:2.8.0] AndroidManifest.xml:119:25-78
206            </intent-filter>
207        </receiver>
208        <receiver
208-->[androidx.work:work-runtime:2.8.0] AndroidManifest.xml:122:9-131:20
209            android:name="androidx.work.impl.background.systemalarm.ConstraintProxyUpdateReceiver"
209-->[androidx.work:work-runtime:2.8.0] AndroidManifest.xml:123:13-99
210            android:directBootAware="false"
210-->[androidx.work:work-runtime:2.8.0] AndroidManifest.xml:124:13-44
211            android:enabled="@bool/enable_system_alarm_service_default"
211-->[androidx.work:work-runtime:2.8.0] AndroidManifest.xml:125:13-72
212            android:exported="false" >
212-->[androidx.work:work-runtime:2.8.0] AndroidManifest.xml:126:13-37
213            <intent-filter>
213-->[androidx.work:work-runtime:2.8.0] AndroidManifest.xml:128:13-130:29
214                <action android:name="androidx.work.impl.background.systemalarm.UpdateProxies" />
214-->[androidx.work:work-runtime:2.8.0] AndroidManifest.xml:129:17-98
214-->[androidx.work:work-runtime:2.8.0] AndroidManifest.xml:129:25-95
215            </intent-filter>
216        </receiver>
217        <receiver
217-->[androidx.work:work-runtime:2.8.0] AndroidManifest.xml:132:9-142:20
218            android:name="androidx.work.impl.diagnostics.DiagnosticsReceiver"
218-->[androidx.work:work-runtime:2.8.0] AndroidManifest.xml:133:13-78
219            android:directBootAware="false"
219-->[androidx.work:work-runtime:2.8.0] AndroidManifest.xml:134:13-44
220            android:enabled="true"
220-->[androidx.work:work-runtime:2.8.0] AndroidManifest.xml:135:13-35
221            android:exported="true"
221-->[androidx.work:work-runtime:2.8.0] AndroidManifest.xml:136:13-36
222            android:permission="android.permission.DUMP" >
222-->[androidx.work:work-runtime:2.8.0] AndroidManifest.xml:137:13-57
223            <intent-filter>
223-->[androidx.work:work-runtime:2.8.0] AndroidManifest.xml:139:13-141:29
224                <action android:name="androidx.work.diagnostics.REQUEST_DIAGNOSTICS" />
224-->[androidx.work:work-runtime:2.8.0] AndroidManifest.xml:140:17-88
224-->[androidx.work:work-runtime:2.8.0] AndroidManifest.xml:140:25-85
225            </intent-filter>
226        </receiver>
227
228        <service
228-->[androidx.room:room-runtime:2.5.0] AndroidManifest.xml:24:9-28:63
229            android:name="androidx.room.MultiInstanceInvalidationService"
229-->[androidx.room:room-runtime:2.5.0] AndroidManifest.xml:25:13-74
230            android:directBootAware="true"
230-->[androidx.room:room-runtime:2.5.0] AndroidManifest.xml:26:13-43
231            android:exported="false" />
231-->[androidx.room:room-runtime:2.5.0] AndroidManifest.xml:27:13-37
232
233        <meta-data
233-->[com.github.bumptech.glide:okhttp3-integration:4.12.0] AndroidManifest.xml:11:9-13:43
234            android:name="com.bumptech.glide.integration.okhttp3.OkHttpGlideModule"
234-->[com.github.bumptech.glide:okhttp3-integration:4.12.0] AndroidManifest.xml:12:13-84
235            android:value="GlideModule" />
235-->[com.github.bumptech.glide:okhttp3-integration:4.12.0] AndroidManifest.xml:13:13-40
236
237        <activity
237-->[com.google.android.gms:play-services-base:17.0.0] AndroidManifest.xml:23:9-26:75
238            android:name="com.google.android.gms.common.api.GoogleApiActivity"
238-->[com.google.android.gms:play-services-base:17.0.0] AndroidManifest.xml:24:13-79
239            android:exported="false"
239-->[com.google.android.gms:play-services-base:17.0.0] AndroidManifest.xml:25:13-37
240            android:theme="@android:style/Theme.Translucent.NoTitleBar" />
240-->[com.google.android.gms:play-services-base:17.0.0] AndroidManifest.xml:26:13-72
241
242        <meta-data
242-->[com.google.android.gms:play-services-basement:18.0.0] AndroidManifest.xml:21:9-23:69
243            android:name="com.google.android.gms.version"
243-->[com.google.android.gms:play-services-basement:18.0.0] AndroidManifest.xml:22:13-58
244            android:value="@integer/google_play_services_version" /> <!-- Receiver Service -->
244-->[com.google.android.gms:play-services-basement:18.0.0] AndroidManifest.xml:23:13-66
245        <service
245-->[app.notifee:core:202108261754] AndroidManifest.xml:29:9-31:40
246            android:name="app.notifee.core.ReceiverService"
246-->[app.notifee:core:202108261754] AndroidManifest.xml:30:13-60
247            android:exported="false" />
247-->[app.notifee:core:202108261754] AndroidManifest.xml:31:13-37
248
249        <activity
249-->[app.notifee:core:202108261754] AndroidManifest.xml:33:9-39:75
250            android:name="app.notifee.core.NotificationReceiverActivity"
250-->[app.notifee:core:202108261754] AndroidManifest.xml:34:13-73
251            android:excludeFromRecents="true"
251-->[app.notifee:core:202108261754] AndroidManifest.xml:35:13-46
252            android:exported="true"
252-->[app.notifee:core:202108261754] AndroidManifest.xml:36:13-36
253            android:noHistory="true"
253-->[app.notifee:core:202108261754] AndroidManifest.xml:37:13-37
254            android:taskAffinity=""
254-->[app.notifee:core:202108261754] AndroidManifest.xml:38:13-36
255            android:theme="@android:style/Theme.Translucent.NoTitleBar" /> <!-- Foreground Service -->
255-->[app.notifee:core:202108261754] AndroidManifest.xml:39:13-72
256        <service
256-->[app.notifee:core:202108261754] AndroidManifest.xml:42:9-44:40
257            android:name="app.notifee.core.ForegroundService"
257-->[app.notifee:core:202108261754] AndroidManifest.xml:43:13-62
258            android:exported="false" />
258-->[app.notifee:core:202108261754] AndroidManifest.xml:44:13-37
259
260        <receiver
260-->[app.notifee:core:202108261754] AndroidManifest.xml:46:9-54:20
261            android:name="app.notifee.core.RebootBroadcastReceiver"
261-->[app.notifee:core:202108261754] AndroidManifest.xml:47:13-68
262            android:exported="false" >
262-->[app.notifee:core:202108261754] AndroidManifest.xml:48:13-37
263            <intent-filter>
263-->[app.notifee:core:202108261754] AndroidManifest.xml:49:13-53:29
264                <action android:name="android.intent.action.BOOT_COMPLETED" />
264-->[androidx.work:work-runtime:2.8.0] AndroidManifest.xml:117:17-79
264-->[androidx.work:work-runtime:2.8.0] AndroidManifest.xml:117:25-76
265                <action android:name="android.intent.action.QUICKBOOT_POWERON" />
265-->[app.notifee:core:202108261754] AndroidManifest.xml:51:17-82
265-->[app.notifee:core:202108261754] AndroidManifest.xml:51:25-79
266                <action android:name="com.htc.intent.action.QUICKBOOT_POWERON" />
266-->[app.notifee:core:202108261754] AndroidManifest.xml:52:17-82
266-->[app.notifee:core:202108261754] AndroidManifest.xml:52:25-79